<?xml version="1.0" encoding="UTF-8"?>
<testsuite xmlns:xsi="http://www.w3.org/2001/XMLSchema-instance" xsi:noNamespaceSchemaLocation="https://maven.apache.org/surefire/maven-surefire-plugin/xsd/surefire-test-report.xsd" name="com.bridgelabz.test.MoodAnalyser.MoodAnalyserTest" time="0.047" tests="4" errors="1" skipped="0" failures="1">
  <properties>
[...]
</properties>
  <testcase name="givenMessage_whenEmpty_shouldReturnException" classname="com.bridgelabz.test.MoodAnalyser.MoodAnalyserTest" time="0.016">
    <failure message="Values should be different. Actual: HAPPY" type="java.lang.AssertionError">java.lang.AssertionError: Values should be different. Actual: HAPPY
	at com.bridgelabz.test.MoodAnalyser.MoodAnalyserTest.givenMessage_whenEmpty_shouldReturnException(MoodAnalyserTest.java:45)
</failure>
    <system-out><![CDATA[HAPPY
]]></system-out>
  </testcase>
  <testcase name="givenMessage_whenAnyMood_shouldReturnHappy" classname="com.bridgelabz.test.MoodAnalyser.MoodAnalyserTest" time="0"/>
  <testcase name="givenMessage_whenSad_shouldReturnSad" classname="com.bridgelabz.test.MoodAnalyser.MoodAnalyserTest" time="0"/>
  <testcase name="givenMessage_whenNull_shouldReturnException" classname="com.bridgelabz.test.MoodAnalyser.MoodAnalyserTest" time="0.004">
    <error message="Invalid mood entered" type="com.bridgelabz.test.MoodAnalyser.MoodAnalysisException">com.bridgelabz.test.MoodAnalyser.MoodAnalysisException: Invalid mood entered
	at com.bridgelabz.test.MoodAnalyser.MoodAnalyserTest.givenMessage_whenNull_shouldReturnException(MoodAnalyserTest.java:36)
</error>
  </testcase>
</testsuite>